<?xml version="1.0" encoding="UTF-8"?>
<testsuite name="edu.coursera.distributed.MpiJavaTest" time="0.036" tests="1" errors="1" skipped="0" failures="0">
  <properties>
[...]
</properties>
  <testcase name="edu.coursera.distributed.MpiJavaTest" classname="edu.coursera.distributed.MpiJavaTest$1" time="0.036">
    <error message="Can&apos;t load library: /var/folders/9l/ld0yn7k162ggw2x67rnl0d5w0000gn/T/jna-105188/jna1934672875592831528.tmp" type="java.lang.UnsatisfiedLinkError"><![CDATA[java.lang.UnsatisfiedLinkError: Can't load library: /var/folders/9l/ld0yn7k162ggw2x67rnl0d5w0000gn/T/jna-105188/jna1934672875592831528.tmp
	at java.base/java.lang.ClassLoader.loadLibrary(ClassLoader.java:2393)
	at java.base/java.lang.Runtime.load0(Runtime.java:755)
	at java.base/java.lang.System.load(System.java:1953)
	at com.sun.jna.Native.loadNativeDispatchLibraryFromClasspath(Native.java:851)
	at com.sun.jna.Native.loadNativeDispatchLibrary(Native.java:826)
	at com.sun.jna.Native.<clinit>(Native.java:140)
	at edu.coursera.distributed.util.MPI$MPILib.<clinit>(MPI.java:20)
	at edu.coursera.distributed.util.MPI.<init>(MPI.java:77)
	at edu.coursera.distributed.MpiJavaTest$1.setUp(MpiJavaTest.java:66)
]]></error>
  </testcase>
</testsuite>